Script started on 2026-03-19 00:11:32+00:00 [TERM="xterm" TTY="/dev/pts/9" COLUMNS="80" LINES="24"]
python3 .//src/logger/logger.py --domain="AF_UNIX" --server-url="localhost"
---LOGGER:Recording started. Path Type: straight. Saving to results_straight_baseline.csv ---
+=+ XLVIP-INFO: XlTlmMessageLayer::connectToServer():
+=+    Connecting clientId=':remoteSession2' to 'server@localhost' ...
+=+    Successfully connected 'client :remoteSession2' to 'server@localhost'
+=+    Negotiated socket connection configuration
+=+        Use socket manager thread=FALSE
+=+        Use TCP_NODELAY=TRUE
+=+        Use UDP=FALSE
+=+ XLVIP-INFO: XlTlmMessageLayer::connect():
+=+    Successfully connected this remote client conduit into the TLM fabric server:
+=+        clientId=:remoteSession2
+=+        conduitId=:timeServerConduit2
           localClientConduitHandle=0x55f87d40bd78
           remoteServerProxyConduitHandle=0x23696f70
+=+ XLVIP-INFO: XlTlmMessageLayer::connect():
+=+    Successfully connected this remote client conduit into the TLM fabric server:
+=+        clientId=:remoteSession2
+=+        conduitId=:resetServerConduit2
           localClientConduitHandle=0x55f87e141278
           remoteServerProxyConduitHandle=0x236935a0
+=+ XLVIP-INFO: XlTlmMessageLayer::connect():
+=+    Successfully connected this remote client conduit into the TLM fabric server:
+=+        clientId=:remoteSession2
+=+        conduitId=:txConfigPort2
           localClientConduitHandle=0x55f87e1a2480
           remoteServerProxyConduitHandle=0x236a5cc0
+=+ XLVIP-INFO: XlTlmMessageLayer::connect():
+=+    Successfully connected this remote client conduit into the TLM fabric server:
+=+        clientId=:remoteSession2
+=+        conduitId=:rxConfigPort2
           localClientConduitHandle=0x55f87e13abf0
           remoteServerProxyConduitHandle=0x236a20c0
+=+ INFO: ... successfully connected to TLM FabricServer !
+=+ XLVIP-INFO: XlTlmMessageLayer::connect():
+=+    Successfully connected this remote client conduit into the TLM fabric server:
+=+        clientId=:remoteSession2
+=+        conduitId=:txCanFrameConduit2
           localClientConduitHandle=0x55f87e19ea80
           remoteServerProxyConduitHandle=0x2369bfb0
+=+ XLVIP-INFO: XlTlmMessageLayer::connect():
+=+    Successfully connected this remote client conduit into the TLM fabric server:
+=+        clientId=:remoteSession2
+=+        conduitId=:rxCanFrameConduit2
           localClientConduitHandle=0x55f87e1a3010
           remoteServerProxyConduitHandle=0x2369ae40
+=+ XLVIP-INFO: XlTlmMessageLayer::disconnectFromServer():
+=+    Disconnecting this remote client from TLM fabric server:
+=+        clientId=:remoteSession2
Killed
make: *** [Makefile.client2:31: sim] Error 137
